{
  "stats": {
    "suites": 0,
    "tests": 1,
    "passes": 0,
    "pending": 0,
    "failures": 1,
    "start": "2022-05-26T10:02:35.149Z",
    "end": "2022-05-26T10:02:35.970Z",
    "duration": 821,
    "testsRegistered": 1,
    "passPercent": 0,
    "pendingPercent": 0,
    "other": 0,
    "hasOther": false,
    "skipped": 0,
    "hasSkipped": false
  },
  "results": [
    {
      "uuid": "898576a6-34c9-4f6f-956b-aa346d8b0be0",
      "title": "",
      "fullFile": "cypress/integration/assertions.ts",
      "file": "cypress/integration/assertions.ts",
      "beforeHooks": [],
      "afterHooks": [],
      "tests": [
        {
          "title": "learning assertions",
          "fullTitle": "learning assertions",
          "timedOut": null,
          "duration": 692,
          "state": "failed",
          "speed": null,
          "pass": false,
          "fail": true,
          "pending": false,
          "context": null,
          "code": "cy.visit('https://example.cypress.io');\ncy.contains('get').click();\ncy.get('#query-btn')\n    .should('contain', 'Button')\n    .should('have.class', 'query-btn')\n    .should('be.visible')\n    .should('be.enabled');\ncy.get('#query-btn').invoke('attr', 'id').should('equal', 'query-btn');\ncy.get('#query-btn').should('contain', 'Button').and('be.visible');\n//Explict Assertions\nexpect(true).to.be.true;\nlet name = 'Srinivas';\nexpect(name).to.be.equal('Srinivas');\nassert.equal(4, 5, 'Not equal');",
          "err": {
            "message": "AssertionError: Not equal: expected 4 to equal 5",
            "estack": "AssertionError: Not equal: expected 4 to equal 5\n    at Context.eval (http://localhost:8291/__cypress/tests?p=cypress\\integration\\assertions.ts:112:12)",
            "diff": "- 4\n+ 5\n"
          },
          "uuid": "5a951c47-a308-4547-ba33-36d8403117f2",
          "parentUUID": "898576a6-34c9-4f6f-956b-aa346d8b0be0",
          "isHook": false,
          "skipped": false
        }
      ],
      "suites": [],
      "passes": [],
      "failures": [
        "5a951c47-a308-4547-ba33-36d8403117f2"
      ],
      "pending": [],
      "skipped": [],
      "duration": 692,
      "root": true,
      "rootEmpty": false,
      "_timeout": 2000
    }
  ],
  "meta": {
    "mocha": {
      "version": "7.0.1"
    },
    "mochawesome": {
      "options": {
        "quiet": false,
        "reportFilename": "mochawesome",
        "saveHtml": false,
        "saveJson": true,
        "consoleReporter": "spec",
        "useInlineDiffs": false,
        "code": true
      },
      "version": "7.1.3"
    },
    "marge": {
      "options": {
        "charts": true,
        "overwrite": false,
        "html": false,
        "json": true,
        "reportDir": "cypress/reports"
      },
      "version": "6.2.0"
    }
  }
}