{
  "stats": {
    "suites": 0,
    "tests": 1,
    "passes": 1,
    "pending": 0,
    "failures": 0,
    "start": "2022-05-26T10:04:16.659Z",
    "end": "2022-05-26T10:04:25.733Z",
    "duration": 9074,
    "testsRegistered": 1,
    "passPercent": 100,
    "pendingPercent": 0,
    "other": 0,
    "hasOther": false,
    "skipped": 0,
    "hasSkipped": false
  },
  "results": [
    {
      "uuid": "ae88d3c8-2871-4398-9864-5a694a47e484",
      "title": "",
      "fullFile": "cypress/integration/login.ts",
      "file": "cypress/integration/login.ts",
      "beforeHooks": [],
      "afterHooks": [],
      "tests": [
        {
          "title": "login functionality",
          "fullTitle": "login functionality",
          "timedOut": null,
          "duration": 5743,
          "state": "passed",
          "speed": "medium",
          "pass": true,
          "fail": false,
          "pending": false,
          "context": null,
          "code": "loginpage.Navigate('https://opensource-demo.orangehrmlive.com/');\nloginpage.enterUsername('Admin');\nloginpage.enterPassword('admin123');\nloginpage.clickLogin();",
          "err": {},
          "uuid": "e33aca89-9002-4faf-9b7f-b58269bf72ac",
          "parentUUID": "ae88d3c8-2871-4398-9864-5a694a47e484",
          "isHook": false,
          "skipped": false
        }
      ],
      "suites": [],
      "passes": [
        "e33aca89-9002-4faf-9b7f-b58269bf72ac"
      ],
      "failures": [],
      "pending": [],
      "skipped": [],
      "duration": 5743,
      "root": true,
      "rootEmpty": false,
      "_timeout": 2000
    }
  ],
  "meta": {
    "mocha": {
      "version": "7.0.1"
    },
    "mochawesome": {
      "options": {
        "quiet": false,
        "reportFilename": "mochawesome",
        "saveHtml": false,
        "saveJson": true,
        "consoleReporter": "spec",
        "useInlineDiffs": false,
        "code": true
      },
      "version": "7.1.3"
    },
    "marge": {
      "options": {
        "charts": true,
        "overwrite": false,
        "html": false,
        "json": true,
        "reportDir": "cypress/reports"
      },
      "version": "6.2.0"
    }
  }
}