{
  "stats": {
    "suites": 0,
    "tests": 1,
    "passes": 1,
    "pending": 0,
    "failures": 0,
    "start": "2022-05-26T10:02:45.162Z",
    "end": "2022-05-26T10:02:58.652Z",
    "duration": 13490,
    "testsRegistered": 1,
    "passPercent": 100,
    "pendingPercent": 0,
    "other": 0,
    "hasOther": false,
    "skipped": 0,
    "hasSkipped": false
  },
  "results": [
    {
      "uuid": "8b628261-a3a2-4b7c-8789-4cb08b1451d5",
      "title": "",
      "fullFile": "cypress/integration/basic.ts",
      "file": "cypress/integration/basic.ts",
      "beforeHooks": [],
      "afterHooks": [],
      "tests": [
        {
          "title": "Google search functinoality",
          "fullTitle": "Google search functinoality",
          "timedOut": null,
          "duration": 10285,
          "state": "passed",
          "speed": "slow",
          "pass": true,
          "fail": false,
          "pending": false,
          "context": null,
          "code": "cy.visit('https://www.google.com/');\ncy.get('[name=\"q\"]')\n    .type('Automation Step by Step')\n    .type('{enter}');",
          "err": {},
          "uuid": "addd2a42-d27f-43a4-9f96-d01de6423588",
          "parentUUID": "8b628261-a3a2-4b7c-8789-4cb08b1451d5",
          "isHook": false,
          "skipped": false
        }
      ],
      "suites": [],
      "passes": [
        "addd2a42-d27f-43a4-9f96-d01de6423588"
      ],
      "failures": [],
      "pending": [],
      "skipped": [],
      "duration": 10285,
      "root": true,
      "rootEmpty": false,
      "_timeout": 2000
    }
  ],
  "meta": {
    "mocha": {
      "version": "7.0.1"
    },
    "mochawesome": {
      "options": {
        "quiet": false,
        "reportFilename": "mochawesome",
        "saveHtml": false,
        "saveJson": true,
        "consoleReporter": "spec",
        "useInlineDiffs": false,
        "code": true
      },
      "version": "7.1.3"
    },
    "marge": {
      "options": {
        "charts": true,
        "overwrite": false,
        "html": false,
        "json": true,
        "reportDir": "cypress/reports"
      },
      "version": "6.2.0"
    }
  }
}